Determining if the pthread_create exist failed with the following output:
Change Dir: /home/pi/Documents/mfe/Onboard-SDK-3.2/build/CMakeFiles/CMakeTmp

Run Build Command:"/usr/bin/make" "cmTC_2694d/fast"
/usr/bin/make -f CMakeFiles/cmTC_2694d.dir/build.make CMakeFiles/cmTC_2694d.dir/build
make[1]: Entering directory '/home/pi/Documents/mfe/Onboard-SDK-3.2/build/CMakeFiles/CMakeTmp'
Building C object CMakeFiles/cmTC_2694d.dir/CheckSymbolExists.c.o
/usr/bin/cc     -o CMakeFiles/cmTC_2694d.dir/CheckSymbolExists.c.o   -c /home/pi/Documents/mfe/Onboard-SDK-3.2/build/CMakeFiles/CMakeTmp/CheckSymbolExists.c
Linking C executable cmTC_2694d
/usr/bin/cmake -E cmake_link_script CMakeFiles/cmTC_2694d.dir/link.txt --verbose=1
/usr/bin/cc       CMakeFiles/cmTC_2694d.dir/CheckSymbolExists.c.o  -o cmTC_2694d -rdynamic 
CMakeFiles/cmTC_2694d.dir/CheckSymbolExists.c.o: In function `main':
CheckSymbolExists.c:(.text+0x38): undefined reference to `pthread_create'
collect2: error: ld returned 1 exit status
CMakeFiles/cmTC_2694d.dir/build.make:97: recipe for target 'cmTC_2694d' failed
make[1]: *** [cmTC_2694d] Error 1
make[1]: Leaving directory '/home/pi/Documents/mfe/Onboard-SDK-3.2/build/CMakeFiles/CMakeTmp'
Makefile:126: recipe for target 'cmTC_2694d/fast' failed
make: *** [cmTC_2694d/fast] Error 2

File /home/pi/Documents/mfe/Onboard-SDK-3.2/build/CMakeFiles/CMakeTmp/CheckSymbolExists.c:
/* */
#include <pthread.h>

int main(int argc, char** argv)
{
  (void)argv;
#ifndef pthread_create
  return ((int*)(&pthread_create))[argc];
#else
  (void)argc;
  return 0;
#endif
}

Determining if the function pthread_create exists in the pthreads failed with the following output:
Change Dir: /home/pi/Documents/mfe/Onboard-SDK-3.2/build/CMakeFiles/CMakeTmp

Run Build Command:"/usr/bin/make" "cmTC_f66cb/fast"
/usr/bin/make -f CMakeFiles/cmTC_f66cb.dir/build.make CMakeFiles/cmTC_f66cb.dir/build
make[1]: Entering directory '/home/pi/Documents/mfe/Onboard-SDK-3.2/build/CMakeFiles/CMakeTmp'
Building C object CMakeFiles/cmTC_f66cb.dir/CheckFunctionExists.c.o
/usr/bin/cc    -DCHECK_FUNCTION_EXISTS=pthread_create   -o CMakeFiles/cmTC_f66cb.dir/CheckFunctionExists.c.o   -c /usr/share/cmake-3.6/Modules/CheckFunctionExists.c
Linking C executable cmTC_f66cb
/usr/bin/cmake -E cmake_link_script CMakeFiles/cmTC_f66cb.dir/link.txt --verbose=1
/usr/bin/cc   -DCHECK_FUNCTION_EXISTS=pthread_create    CMakeFiles/cmTC_f66cb.dir/CheckFunctionExists.c.o  -o cmTC_f66cb -rdynamic -lpthreads 
/usr/bin/ld: cannot find -lpthreads
collect2: error: ld returned 1 exit status
CMakeFiles/cmTC_f66cb.dir/build.make:97: recipe for target 'cmTC_f66cb' failed
make[1]: *** [cmTC_f66cb] Error 1
make[1]: Leaving directory '/home/pi/Documents/mfe/Onboard-SDK-3.2/build/CMakeFiles/CMakeTmp'
Makefile:126: recipe for target 'cmTC_f66cb/fast' failed
make: *** [cmTC_f66cb/fast] Error 2


